Build started 8/19/2010 5:17:41 PM.
     1>Project "C:\TSFS\TSFS\TSFS\TSFS.vcxproj" on node 2 (rebuild target(s)).
     1>_PrepareForClean:
         Deleting file "Release\TSFS.lastbuildstate".
       InitializeBuildStatus:
         Creating "Release\TSFS.unsuccessfulbuild" because "AlwaysCreate" was specified.
       ClCompile:
         C:\Program Files (x86)\Microsoft Visual Studio 10.0\VC\bin\CL.exe /c /Zi /nologo /W3 /WX- /O2 /Oy- /GL /D WIN32 /D NDEBUG /D _CONSOLE /D _UNICODE /D UNICODE /Gm- /EHsc /MD /GS /fp:precise /Zc:wchar_t /Zc:forScope /Fo"Release\\" /Fd"Release\vc100.pdb" /Gd /TP /analyze- /errorReport:prompt ByInstanceDP.cpp Euclidean.cpp quickSort.cpp
         ByInstanceDP.cpp
     1>ByInstanceDP.cpp(179): warning C4996: 'strcpy': This function or variable may be unsafe. Consider using strcpy_s instead. To disable deprecation, use _CRT_SECURE_NO_WARNINGS. See online help for details.
                 C:\Program Files (x86)\Microsoft Visual Studio 10.0\VC\include\string.h(105) : see declaration of 'strcpy'
     1>ByInstanceDP.cpp(187): warning C4996: 'strcpy': This function or variable may be unsafe. Consider using strcpy_s instead. To disable deprecation, use _CRT_SECURE_NO_WARNINGS. See online help for details.
                 C:\Program Files (x86)\Microsoft Visual Studio 10.0\VC\include\string.h(105) : see declaration of 'strcpy'
     1>ByInstanceDP.cpp(1165): warning C4018: '<' : signed/unsigned mismatch
     1>ByInstanceDP.cpp(1391): warning C4996: 'itoa': The POSIX name for this item is deprecated. Instead, use the ISO C++ conformant name: _itoa. See online help for details.
                 C:\Program Files (x86)\Microsoft Visual Studio 10.0\VC\include\stdlib.h(867) : see declaration of 'itoa'
         Euclidean.cpp
         quickSort.cpp
       Link:
         C:\Program Files (x86)\Microsoft Visual Studio 10.0\VC\bin\link.exe /ERRORREPORT:PROMPT /OUT:"C:\TSFS\TSFS\Release\TSFS.exe" /INCREMENTAL:NO /NOLOGO kernel32.lib user32.lib gdi32.lib winspool.lib comdlg32.lib advapi32.lib shell32.lib ole32.lib oleaut32.lib uuid.lib odbc32.lib odbccp32.lib /MANIFEST /ManifestFile:"Release\TSFS.exe.intermediate.manifest" /MANIFESTUAC:"level='asInvoker' uiAccess='false'" /DEBUG /PDB:"C:\TSFS\TSFS\Release\TSFS.pdb" /SUBSYSTEM:CONSOLE /OPT:REF /OPT:ICF /LTCG /TLBID:1 /DYNAMICBASE /NXCOMPAT /IMPLIB:"C:\TSFS\TSFS\Release\TSFS.lib" /MACHINE:X86 Release\ByInstanceDP.obj
         Release\Euclidean.obj
         Release\quickSort.obj
         Generating code
         Finished generating code
         TSFS.vcxproj -> C:\TSFS\TSFS\Release\TSFS.exe
       Manifest:
         C:\Program Files (x86)\Microsoft SDKs\Windows\v7.0A\bin\mt.exe /nologo /verbose /outputresource:"C:\TSFS\TSFS\Release\TSFS.exe;#1" /manifest Release\TSFS.exe.intermediate.manifest
       FinalizeBuildStatus:
         Deleting file "Release\TSFS.unsuccessfulbuild".
         Touching "Release\TSFS.lastbuildstate".
     1>Done Building Project "C:\TSFS\TSFS\TSFS\TSFS.vcxproj" (rebuild target(s)).

Build succeeded.

Time Elapsed 00:00:03.35
