C:\TSFS\TSFS\DEBUG\TSFS.EXE
C:\TSFS\TSFS\DEBUG\TSFS.ILK
C:\TSFS\TSFS\DEBUG\TSFS.PDB
C:\TSFS\TSFS\TSFS\DEBUG\BYINSTANCEDP.OBJ
C:\TSFS\TSFS\TSFS\Debug\cl.command.1.tlog
C:\TSFS\TSFS\TSFS\Debug\CL.read.1.tlog
C:\TSFS\TSFS\TSFS\Debug\CL.write.1.tlog
C:\TSFS\TSFS\TSFS\DEBUG\EUCLIDEAN.OBJ
C:\TSFS\TSFS\TSFS\Debug\link.3856.read.1.tlog
C:\TSFS\TSFS\TSFS\Debug\link.3856.write.1.tlog
C:\TSFS\TSFS\TSFS\Debug\link.3856-cvtres.read.1.tlog
C:\TSFS\TSFS\TSFS\Debug\link.3856-cvtres.write.1.tlog
C:\TSFS\TSFS\TSFS\Debug\link.command.1.tlog
C:\TSFS\TSFS\TSFS\Debug\link.read.1.tlog
C:\TSFS\TSFS\TSFS\Debug\link.write.1.tlog
C:\TSFS\TSFS\TSFS\Debug\link-cvtres.read.1.tlog
C:\TSFS\TSFS\TSFS\Debug\link-cvtres.write.1.tlog
C:\TSFS\TSFS\TSFS\Debug\mt.command.1.tlog
C:\TSFS\TSFS\TSFS\Debug\mt.read.1.tlog
C:\TSFS\TSFS\TSFS\Debug\mt.write.1.tlog
C:\TSFS\TSFS\TSFS\DEBUG\QUICKSORT.OBJ
C:\TSFS\TSFS\TSFS\Debug\rc.command.1.tlog
C:\TSFS\TSFS\TSFS\Debug\rc.read.1.tlog
C:\TSFS\TSFS\TSFS\Debug\rc.write.1.tlog
C:\TSFS\TSFS\TSFS\DEBUG\TSFS.EXE.EMBED.MANIFEST
C:\TSFS\TSFS\TSFS\DEBUG\TSFS.EXE.EMBED.MANIFEST.RES
C:\TSFS\TSFS\TSFS\DEBUG\TSFS.EXE.INTERMEDIATE.MANIFEST
C:\TSFS\TSFS\TSFS\Debug\TSFS_manifest.rc
C:\TSFS\TSFS\TSFS\Debug\vc100.idb
C:\TSFS\TSFS\TSFS\DEBUG\VC100.PDB
