Build started 8/19/2010 5:17:44 PM.
     1>Project "C:\TSFS\TSFS\TSFS\TSFS.vcxproj" on node 3 (rebuild target(s)).
     1>_PrepareForClean:
         Deleting file "Debug\TSFS.lastbuildstate".
       InitializeBuildStatus:
         Creating "Debug\TSFS.unsuccessfulbuild" because "AlwaysCreate" was specified.
       ClCompile:
         C:\Program Files (x86)\Microsoft Visual Studio 10.0\VC\bin\CL.exe /c /ZI /nologo /W3 /WX- /Od /Oy- /D WIN32 /D _DEBUG /D _CONSOLE /D _UNICODE /D UNICODE /Gm /EHsc /RTC1 /MDd /GS /fp:precise /Zc:wchar_t /Zc:forScope /Fo"Debug\\" /Fd"Debug\vc100.pdb" /Gd /TP /analyze- /errorReport:prompt ByInstanceDP.cpp Euclidean.cpp quickSort.cpp
         quickSort.cpp
         Euclidean.cpp
         ByInstanceDP.cpp
     1>c:\tsfs\tsfs\tsfs\byinstancedp.cpp(179): warning C4996: 'strcpy': This function or variable may be unsafe. Consider using strcpy_s instead. To disable deprecation, use _CRT_SECURE_NO_WARNINGS. See online help for details.
                 c:\program files (x86)\microsoft visual studio 10.0\vc\include\string.h(105) : see declaration of 'strcpy'
     1>c:\tsfs\tsfs\tsfs\byinstancedp.cpp(187): warning C4996: 'strcpy': This function or variable may be unsafe. Consider using strcpy_s instead. To disable deprecation, use _CRT_SECURE_NO_WARNINGS. See online help for details.
                 c:\program files (x86)\microsoft visual studio 10.0\vc\include\string.h(105) : see declaration of 'strcpy'
     1>c:\tsfs\tsfs\tsfs\byinstancedp.cpp(1165): warning C4018: '<' : signed/unsigned mismatch
     1>c:\tsfs\tsfs\tsfs\byinstancedp.cpp(1391): warning C4996: 'itoa': The POSIX name for this item is deprecated. Instead, use the ISO C++ conformant name: _itoa. See online help for details.
                 c:\program files (x86)\microsoft visual studio 10.0\vc\include\stdlib.h(867) : see declaration of 'itoa'
         Generating Code...
       ManifestResourceCompile:
         C:\Program Files (x86)\Microsoft SDKs\Windows\v7.0A\bin\rc.exe /nologo /fo"Debug\TSFS.exe.embed.manifest.res" Debug\TSFS_manifest.rc 
       Link:
         C:\Program Files (x86)\Microsoft Visual Studio 10.0\VC\bin\link.exe /ERRORREPORT:PROMPT /OUT:"C:\TSFS\TSFS\Debug\TSFS.exe" /INCREMENTAL /NOLOGO kernel32.lib user32.lib gdi32.lib winspool.lib comdlg32.lib advapi32.lib shell32.lib ole32.lib oleaut32.lib uuid.lib odbc32.lib odbccp32.lib /MANIFEST /ManifestFile:"Debug\TSFS.exe.intermediate.manifest" /MANIFESTUAC:"level='asInvoker' uiAccess='false'" /DEBUG /PDB:"C:\TSFS\TSFS\Debug\TSFS.pdb" /SUBSYSTEM:CONSOLE /TLBID:1 /DYNAMICBASE /NXCOMPAT /IMPLIB:"C:\TSFS\TSFS\Debug\TSFS.lib" /MACHINE:X86 Debug\TSFS.exe.embed.manifest.res
         Debug\ByInstanceDP.obj
         Debug\Euclidean.obj
         Debug\quickSort.obj
       Manifest:
         Deleting file "Debug\TSFS.exe.embed.manifest".
         C:\Program Files (x86)\Microsoft SDKs\Windows\v7.0A\bin\mt.exe /nologo /verbose /out:"Debug\TSFS.exe.embed.manifest" /manifest Debug\TSFS.exe.intermediate.manifest
         C:\Program Files (x86)\Microsoft SDKs\Windows\v7.0A\bin\rc.exe /nologo /fo"Debug\TSFS.exe.embed.manifest.res" Debug\TSFS_manifest.rc 
       LinkEmbedManifest:
         C:\Program Files (x86)\Microsoft Visual Studio 10.0\VC\bin\link.exe /ERRORREPORT:PROMPT /OUT:"C:\TSFS\TSFS\Debug\TSFS.exe" /INCREMENTAL /NOLOGO kernel32.lib user32.lib gdi32.lib winspool.lib comdlg32.lib advapi32.lib shell32.lib ole32.lib oleaut32.lib uuid.lib odbc32.lib odbccp32.lib /MANIFEST /ManifestFile:"Debug\TSFS.exe.intermediate.manifest" /MANIFESTUAC:"level='asInvoker' uiAccess='false'" /DEBUG /PDB:"C:\TSFS\TSFS\Debug\TSFS.pdb" /SUBSYSTEM:CONSOLE /TLBID:1 /DYNAMICBASE /NXCOMPAT /IMPLIB:"C:\TSFS\TSFS\Debug\TSFS.lib" /MACHINE:X86 Debug\TSFS.exe.embed.manifest.res
         Debug\ByInstanceDP.obj
         Debug\Euclidean.obj
         Debug\quickSort.obj
         TSFS.vcxproj -> C:\TSFS\TSFS\Debug\TSFS.exe
       FinalizeBuildStatus:
         Deleting file "Debug\TSFS.unsuccessfulbuild".
         Touching "Debug\TSFS.lastbuildstate".
     1>Done Building Project "C:\TSFS\TSFS\TSFS\TSFS.vcxproj" (rebuild target(s)).

Build succeeded.

Time Elapsed 00:00:03.66
